c:\kunal\course\ood\project4\project3\project_2\codeanalyzer\parser\debug\parser.pdb
c:\kunal\course\ood\project4\project3\project_2\codeanalyzer\parser\debug\parser.idb
c:\kunal\course\ood\project4\project3\project_2\codeanalyzer\parser\debug\abstrsyntree.obj
c:\kunal\course\ood\project4\project3\project_2\codeanalyzer\parser\debug\filesystem.obj
c:\kunal\course\ood\project4\project3\project_2\codeanalyzer\parser\debug\grammarhelpers.obj
c:\kunal\course\ood\project4\project3\project_2\codeanalyzer\parser\debug\logger.obj
c:\kunal\course\ood\project4\project3\project_2\codeanalyzer\parser\debug\scopestack.obj
c:\kunal\course\ood\project4\project3\project_2\codeanalyzer\parser\debug\semiexp.obj
c:\kunal\course\ood\project4\project3\project_2\codeanalyzer\parser\debug\tokenizer.obj
c:\kunal\course\ood\project4\project3\project_2\codeanalyzer\parser\debug\utilities.obj
c:\kunal\course\ood\project4\project3\project_2\codeanalyzer\parser\debug\actionsandrules.obj
c:\kunal\course\ood\project4\project3\project_2\codeanalyzer\parser\debug\configureparser.obj
c:\kunal\course\ood\project4\project3\project_2\codeanalyzer\parser\debug\parser.obj
c:\kunal\course\ood\project4\debug\parser.lib
c:\kunal\course\ood\project4\debug\parser.pdb
c:\kunal\course\ood\project4\project3\project_2\codeanalyzer\parser\debug\parser.tlog\cl.command.1.tlog
c:\kunal\course\ood\project4\project3\project_2\codeanalyzer\parser\debug\parser.tlog\cl.read.1.tlog
c:\kunal\course\ood\project4\project3\project_2\codeanalyzer\parser\debug\parser.tlog\cl.write.1.tlog
c:\kunal\course\ood\project4\project3\project_2\codeanalyzer\parser\debug\parser.tlog\lib-link.read.1.tlog
c:\kunal\course\ood\project4\project3\project_2\codeanalyzer\parser\debug\parser.tlog\lib-link.write.1.tlog
c:\kunal\course\ood\project4\project3\project_2\codeanalyzer\parser\debug\parser.tlog\lib.command.1.tlog
